This is e-pTeX, Version 3.14159265-p3.5-130605-2.6 (utf8.euc) (TeX Live 2014/Arch Linux) (preloaded format=platex 2014.12.2)  3 FEB 2015 15:01
entering extended mode
 restricted \write18 enabled.
 %&-line parsing enabled.
**document.tex
(./document.tex
pLaTeX2e <2006/11/10> (based on LaTeX2e <2014/05/01> patch level 0)
Babel <3.9k> and hyphenation patterns for 79 languages loaded.
(/usr/share/texmf-dist/tex/platex/base/jreport.cls
Document Class: jreport 2006/06/27 v1.6 Standard pLaTeX class
\c@@paper=\count81
(/usr/share/texmf-dist/tex/platex/base/jsize12.clo
File: jsize12.clo 2006/06/27 v1.6 Standard pLaTeX file (size option)
)
\c@part=\count82
\c@chapter=\count83
\c@section=\count84
\c@subsection=\count85
\c@subsubsection=\count86
\c@paragraph=\count87
\c@subparagraph=\count88
\c@figure=\count89
\c@table=\count90
\abovecaptionskip=\skip41
\belowcaptionskip=\skip42
\symmincho=\mathgroup4
LaTeX Font Info:    Overwriting symbol font `mincho' in version `bold'
(Font)                  JY1/mc/m/n --> JY1/gt/m/n on input line 677.
\toclineskip=\dimen118
\@lnumwidth=\dimen119
\bibindent=\dimen120
\heisei=\count91
)
(/usr/share/texmf-dist/tex/latex/psnfss/newcent.sty
Package: newcent 2005/04/12 PSNFSS-v9.2a (SPQR) 
)
(/usr/share/texmf-dist/tex/latex/graphics/graphicx.sty
Package: graphicx 2014/04/25 v1.0g Enhanced LaTeX Graphics (DPC,SPQR)

(/usr/share/texmf-dist/tex/latex/graphics/keyval.sty
Package: keyval 2014/05/08 v1.15 key=value parser (DPC)
\KV@toks@=\toks15
)
(/usr/share/texmf-dist/tex/latex/graphics/graphics.sty
Package: graphics 2009/02/05 v1.0o Standard LaTeX Graphics (DPC,SPQR)

(/usr/share/texmf-dist/tex/latex/graphics/trig.sty
Package: trig 1999/03/16 v1.09 sin cos tan (DPC)
)
(/usr/share/texmf-dist/tex/latex/latexconfig/graphics.cfg
File: graphics.cfg 2010/04/23 v1.9 graphics configuration of TeX Live
)
Package graphics Info: Driver file: dvipdfmx.def on input line 91.

(/usr/share/texmf-dist/tex/latex/dvipdfmx-def/dvipdfmx.def
File: dvipdfmx.def 2014/07/25 v4.03 LaTeX color/graphics driver for dvipdfmx (T
eX Live/ChoF)
))
\Gin@req@height=\dimen121
\Gin@req@width=\dimen122
)
(/usr/share/texmf-dist/tex/latex/graphics/color.sty
Package: color 2014/04/23 v1.1a Standard LaTeX Color (DPC)

(/usr/share/texmf-dist/tex/latex/latexconfig/color.cfg
File: color.cfg 2007/01/18 v1.5 color configuration of teTeX/TeXLive
)
Package color Info: Driver file: dvips.def on input line 137.

(/usr/share/texmf-dist/tex/latex/graphics/dvips.def
File: dvips.def 2014/04/23 v3.0j Driver-dependant file (DPC,SPQR)
)
(/usr/share/texmf-dist/tex/latex/graphics/dvipsnam.def
File: dvipsnam.def 2014/04/23 v3.0j Driver-dependant file (DPC,SPQR)
))
Package color Info: Redefining color cyan on input line 14.

(/usr/share/texmf/tex/latex/kobasemi/listings.sty
\lst@mode=\count92
\lst@gtempboxa=\box41
\lst@token=\toks16
\lst@length=\count93
\lst@currlwidth=\dimen123
\lst@column=\count94
\lst@pos=\count95
\lst@lostspace=\dimen124
\lst@width=\dimen125
\lst@newlines=\count96
\lst@lineno=\count97
\lst@maxwidth=\dimen126

(/usr/share/texmf/tex/latex/kobasemi/lstmisc.sty
File: lstmisc.sty 2014/09/06 1.5e (Carsten Heinz)
\c@lstnumber=\count98
\lst@skipnumbers=\count99
\lst@framebox=\box42
)
(/usr/share/texmf-dist/tex/latex/listings/listings.cfg
File: listings.cfg 2014/03/04 1.5c listings configuration
))
Package: listings 2014/09/06 1.5e (Carsten Heinz)

(/usr/share/texmf/tex/latex/kobasemi/jlisting.sty
Package: jlisting 2006/02/20 0.2 (Thor)
\lst@nextchar=\count100
\lst@inputfile=\read1
)
(/usr/share/texmf-dist/tex/platex/japanese-otf-uptex/otf.sty
Package: otf 2013/11/17 v1.7b6 psitau, u0.13 ttk
LaTeX Font Info:    Redeclaring symbol font `mincho' on input line 284.
LaTeX Font Info:    Overwriting symbol font `mincho' in version `normal'
(Font)                  JY1/mc/m/n --> JY1/hmc/m/n on input line 284.
LaTeX Font Info:    Overwriting symbol font `mincho' in version `bold'
(Font)                  JY1/gt/m/n --> JY1/hmc/m/n on input line 284.
LaTeX Font Info:    Overwriting symbol font `mincho' in version `bold'
(Font)                  JY1/hmc/m/n --> JY1/hmc/bx/n on input line 284.
LaTeX Font Info:    Redeclaring math alphabet \mathgt on input line 284.
LaTeX Font Info:    Overwriting math alphabet `\mathgt' in version `normal'
(Font)                  JY1/gt/m/n --> JY1/hgt/m/n on input line 284.
LaTeX Font Info:    Overwriting math alphabet `\mathgt' in version `bold'
(Font)                  JY1/gt/m/n --> JY1/hgt/m/n on input line 284.
LaTeX Font Info:    Overwriting math alphabet `\mathgt' in version `bold'
(Font)                  JY1/hgt/m/n --> JY1/hgt/bx/n on input line 284.

(/usr/share/texmf-dist/tex/platex/japanese-otf/ajmacros.sty
Package: ajmacros 2005/12/25 13:52 iNOUE Koich! <inoue@ma.ns.musashi-tech.ac.jp
>
\@tempcntc=\count101
\@tempcntd=\count102
\@tempcnte=\count103
\@tempcntf=\count104
))
(/usr/share/texmf-dist/tex/latex/tools/longtable.sty
Package: longtable 2004/02/01 v4.11 Multi-page Table package (DPC)
\LTleft=\skip43
\LTright=\skip44
\LTpre=\skip45
\LTpost=\skip46
\LTchunksize=\count105
\LTcapwidth=\dimen127
\LT@head=\box43
\LT@firsthead=\box44
\LT@foot=\box45
\LT@lastfoot=\box46
\LT@cols=\count106
\LT@rows=\count107
\c@LT@tables=\count108
\c@LT@chunks=\count109
\LT@p@ftn=\toks17
)
(/usr/share/texmf/tex/latex/kobasemi/sotsuron.sty
 SOTSURON: --------------------------------------------------
 SOTSURON: 小林ゼミ　卒業論文
 SOTSURON: スタイルファイル 2007年度版
 SOTSURON: --------------------------------------------------
\Year=\count110
\Minus=\count111
) (./document.aux)
\openout1 = `document.aux'.

LaTeX Font Info:    Checking defaults for OML/cmm/m/it on input line 70.
LaTeX Font Info:    ... okay on input line 70.
LaTeX Font Info:    Checking defaults for T1/cmr/m/n on input line 70.
LaTeX Font Info:    ... okay on input line 70.
LaTeX Font Info:    Checking defaults for OT1/cmr/m/n on input line 70.
LaTeX Font Info:    ... okay on input line 70.
LaTeX Font Info:    Checking defaults for OMS/cmsy/m/n on input line 70.
LaTeX Font Info:    ... okay on input line 70.
LaTeX Font Info:    Checking defaults for OMX/cmex/m/n on input line 70.
LaTeX Font Info:    ... okay on input line 70.
LaTeX Font Info:    Checking defaults for U/cmr/m/n on input line 70.
LaTeX Font Info:    ... okay on input line 70.
LaTeX Font Info:    Checking defaults for JY1/mc/m/n on input line 70.
LaTeX Font Info:    ... okay on input line 70.
LaTeX Font Info:    Checking defaults for JT1/mc/m/n on input line 70.
LaTeX Font Info:    ... okay on input line 70.
 (I search kanjifont definition file: . . )
(I search font definition file: . . . . . . . )
LaTeX Font Info:    Font shape `JT1/hmc/m/n' will be
(Font)              scaled to size 11.54663pt on input line 70.
LaTeX Font Info:    Font shape `JY1/hmc/m/n' will be
(Font)              scaled to size 11.54663pt on input line 70.
LaTeX Font Info:    Try loading font information for OT1+pnc on input line 70.

(/usr/share/texmf-dist/tex/latex/psnfss/ot1pnc.fd
File: ot1pnc.fd 2001/06/04 font definitions for OT1/pnc.
)
\c@lstlisting=\count112
LaTeX Font Info:    Font shape `JT1/hmc/m/n' will be
(Font)              scaled to size 19.95642pt on input line 71.
LaTeX Font Info:    Font shape `JY1/hmc/m/n' will be
(Font)              scaled to size 19.95642pt on input line 71.
LaTeX Font Info:    Font shape `JT1/hmc/bx/n' in size <20.74> not available
(Font)              Font shape `JT1/hgt/m/n' tried instead on input line 71.
LaTeX Font Info:    Font shape `JT1/hgt/m/n' will be
(Font)              scaled to size 19.95642pt on input line 71.
LaTeX Font Info:    Font shape `JY1/hmc/bx/n' in size <20.74> not available
(Font)              Font shape `JY1/hgt/m/n' tried instead on input line 71.
LaTeX Font Info:    Font shape `JY1/hgt/m/n' will be
(Font)              scaled to size 19.95642pt on input line 71.
LaTeX Font Info:    Font shape `OT1/pnc/bx/n' in size <20.74> not available
(Font)              Font shape `OT1/pnc/b/n' tried instead on input line 71.
LaTeX Font Info:    Font shape `JT1/hmc/m/n' will be
(Font)              scaled to size 16.62714pt on input line 71.
LaTeX Font Info:    Font shape `JY1/hmc/m/n' will be
(Font)              scaled to size 16.62714pt on input line 71.
LaTeX Font Info:    External font `cmex10' loaded for size
(Font)              <17.28> on input line 71.
LaTeX Font Info:    External font `cmex10' loaded for size
(Font)              <12> on input line 71.
LaTeX Font Info:    Font shape `JY1/hmc/m/n' will be
(Font)              scaled to size 9.6222pt on input line 71.
LaTeX Font Info:    Font shape `JT1/utfj/m/9' will be
(Font)              scaled to size 16.62714pt on input line 71.
LaTeX Font Info:    Font shape `JY1/utfj/m/9' will be
(Font)              scaled to size 16.62714pt on input line 71.
LaTeX Font Info:    Font shape `JT1/hmc/m/n' will be
(Font)              scaled to size 13.85594pt on input line 71.
LaTeX Font Info:    Font shape `JY1/hmc/m/n' will be
(Font)              scaled to size 13.85594pt on input line 71.
 [1

]
LaTeX Font Info:    Font shape `JT1/hmc/m/n' will be
(Font)              scaled to size 23.94002pt on input line 73.
LaTeX Font Info:    Font shape `JY1/hmc/m/n' will be
(Font)              scaled to size 23.94002pt on input line 73.
LaTeX Font Info:    Font shape `JT1/hmc/bx/n' in size <24.88> not available
(Font)              Font shape `JT1/hgt/m/n' tried instead on input line 73.
LaTeX Font Info:    Font shape `JT1/hgt/m/n' will be
(Font)              scaled to size 23.94002pt on input line 73.
LaTeX Font Info:    Font shape `JY1/hmc/bx/n' in size <24.88> not available
(Font)              Font shape `JY1/hgt/m/n' tried instead on input line 73.
LaTeX Font Info:    Font shape `JY1/hgt/m/n' will be
(Font)              scaled to size 23.94002pt on input line 73.
LaTeX Font Info:    Font shape `OT1/pnc/bx/n' in size <24.88> not available
(Font)              Font shape `OT1/pnc/b/n' tried instead on input line 73.
 (./document.toc
LaTeX Font Info:    Font shape `JT1/hmc/bx/n' in size <12> not available
(Font)              Font shape `JT1/hgt/m/n' tried instead on input line 1.
LaTeX Font Info:    Font shape `JT1/hgt/m/n' will be
(Font)              scaled to size 11.54663pt on input line 1.
LaTeX Font Info:    Font shape `JY1/hmc/bx/n' in size <12> not available
(Font)              Font shape `JY1/hgt/m/n' tried instead on input line 1.
LaTeX Font Info:    Font shape `JY1/hgt/m/n' will be
(Font)              scaled to size 11.54663pt on input line 1.
LaTeX Font Info:    Font shape `OT1/pnc/bx/n' in size <12> not available
(Font)              Font shape `OT1/pnc/b/n' tried instead on input line 1.
LaTeX Font Info:    External font `cmex10' loaded for size
(Font)              <8> on input line 2.
LaTeX Font Info:    External font `cmex10' loaded for size
(Font)              <6> on input line 2.
LaTeX Font Info:    Font shape `JY1/hmc/m/n' will be
(Font)              scaled to size 7.69775pt on input line 2.
LaTeX Font Info:    Font shape `JY1/hmc/m/n' will be
(Font)              scaled to size 5.77332pt on input line 2.
 [1

]
[2])
\tf@toc=\write3
\openout3 = `document.toc'.

 [3] (./document.lof [4

])
\tf@lof=\write4
\openout4 = `document.lof'.

 [5] [6

]
第 1 章
File: ./Figures/SmartphoneSensor.pdf Graphic file (type pdf)
<./Figures/SmartphoneSensor.pdf> [7

]
第 2 章
[8

]
第 3 章
File: ./Figures/Flow.pdf Graphic file (type pdf)
<./Figures/Flow.pdf>
File: ./Screenshots/Start.pdf Graphic file (type pdf)
 <./Screenshots/Start.pdf>
File: ./Screenshots/ModeSelect.pdf Graphic file (type pdf)
 <./Screenshots/ModeSelect.pdf>
Overfull \hbox (2.54399pt too wide) in paragraph at lines 163--177
[]$[]$ $[]$ 
 []

[9

] [10]
File: ./Screenshots/NameInput.pdf Graphic file (type pdf)
 <./Screenshots/NameInput.pdf>
File: ./Screenshots/NameInputError.pdf Graphic file (type pdf)
 <./Screenshots/NameInputError.pdf>
File: ./Screenshots/Reg.pdf Graphic file (type pdf)

<./Screenshots/Reg.pdf> (/usr/share/texmf/tex/latex/kobasemi/lstlang1.sty
File: lstlang1.sty 2014/09/06 1.5e listings language file
)
(/usr/share/texmf/tex/latex/kobasemi/lstmisc.sty
File: lstmisc.sty 2014/09/06 1.5e (Carsten Heinz)
)
LaTeX Font Info:    Font shape `JT1/hmc/m/n' will be
(Font)              scaled to size 10.53629pt on input line 216.
LaTeX Font Info:    Font shape `JY1/hmc/m/n' will be
(Font)              scaled to size 10.53629pt on input line 216.
LaTeX Font Info:    Font shape `JT1/hmc/bx/n' in size <10.95> not available
(Font)              Font shape `JT1/hgt/m/n' tried instead on input line 216.
LaTeX Font Info:    Font shape `JT1/hgt/m/n' will be
(Font)              scaled to size 10.53629pt on input line 216.
LaTeX Font Info:    Font shape `JY1/hmc/bx/n' in size <10.95> not available
(Font)              Font shape `JY1/hgt/m/n' tried instead on input line 216.
LaTeX Font Info:    Font shape `JY1/hgt/m/n' will be
(Font)              scaled to size 10.53629pt on input line 216.
LaTeX Font Info:    Font shape `OT1/pnc/bx/n' in size <10.95> not available
(Font)              Font shape `OT1/pnc/b/n' tried instead on input line 216.
LaTeX Font Info:    Try loading font information for OMS+pnc on input line 216.


(/usr/share/texmf-dist/tex/latex/psnfss/omspnc.fd
File: omspnc.fd 
)
LaTeX Font Info:    Font shape `OMS/pnc/m/n' in size <10.95> not available
(Font)              Font shape `OMS/cmsy/m/n' tried instead on input line 216.


LaTeX Font Warning: Font shape `JT1/hmc/m/it' undefined
(Font)              using `JT1/hmc/m/n' instead on input line 216.


LaTeX Font Warning: Font shape `JY1/hmc/m/it' undefined
(Font)              using `JY1/hmc/m/n' instead on input line 216.

LaTeX Font Info:    Font shape `JT1/hmc/m/it' will be
(Font)              scaled to size 10.53629pt on input line 216.
LaTeX Font Info:    Font shape `JY1/hmc/m/it' will be
(Font)              scaled to size 10.53629pt on input line 216.
[11] (I search kanjifont definition file: . . )
(I search font definition file: . . . . . . . )
LaTeX Font Info:    Try loading font information for OT1+pcr on input line 216.


(/usr/share/texmf-dist/tex/latex/psnfss/ot1pcr.fd
File: ot1pcr.fd 2001/06/04 font definitions for OT1/pcr.
) [12]
File: ./Screenshots/RegProgress.pdf Graphic file (type pdf)

<./Screenshots/RegProgress.pdf>
File: ./Screenshots/RegSuccess.pdf Graphic file (type pdf)
 <./Screenshots/RegSuccess.pdf>
File: ./Screenshots/RegFail.pdf Graphic file (type pdf)

<./Screenshots/RegFail.pdf>
File: ./Screenshots/NameInput.pdf Graphic file (type pdf)
 <./Screenshots/NameInput.pdf>
File: ./Screenshots/Auth.pdf Graphic file (type pdf)

<./Screenshots/Auth.pdf>
File: ./Screenshots/AuthNameInputError.pdf Graphic file (type pdf)
 <./Screenshots/AuthNameInputError.pdf> [13] [14]
File: ./Screenshots/AuthSuccess.pdf Graphic file (type pdf)

<./Screenshots/AuthSuccess.pdf>
File: ./Screenshots/AuthFail.pdf Graphic file (type pdf)
 <./Screenshots/AuthFail.pdf>
Overfull \hbox (2.54399pt too wide) in paragraph at lines 304--318
[]$[]$ $[]$ 
 []

[15]
File: ./Screenshots/UserList.pdf Graphic file (type pdf)
 <./Screenshots/UserList.pdf>
File: ./Screenshots/DataList.pdf Graphic file (type pdf)
 <./Screenshots/DataList.pdf>
Overfull \hbox (2.54399pt too wide) in paragraph at lines 330--344
[]$[]$ $[]$ 
 []

[16]
LaTeX Font Info:    Try loading font information for OML+pnc on input line 363.

 (/usr/share/texmf-dist/tex/latex/psnfss/omlpnc.fd
File: omlpnc.fd 
)
LaTeX Font Info:    Font shape `OML/pnc/m/n' in size <10.95> not available
(Font)              Font shape `OML/cmm/m/it' tried instead on input line 363.
 [17]
LaTeX Font Info:    External font `cmex10' loaded for size
(Font)              <10.95> on input line 369.
 [18]
File: ./Screenshots/RegMenu.pdf Graphic file (type pdf)

<./Screenshots/RegMenu.pdf>
File: ./Screenshots/AmplifierSettings.pdf Graphic file (type pdf)
 <./Screenshots/AmplifierSettings.pdf>
Overfull \hbox (2.54399pt too wide) in paragraph at lines 374--388
[]$[]$ $[]$ 
 []

File: ./Graphs/beforeAmpGraph.pdf Graphic file (type pdf)
<./Graphs/beforeAmpGraph.pdf>
File: ./Graphs/afterAmpGraph.pdf Graphic file (type pdf)
 <./Graphs/afterAmpGraph.pdf>
Overfull \hbox (2.54399pt too wide) in paragraph at lines 394--408
[]$[]$ $[]$ 
 []

[19] [20]
File: ./Graphs/beforeLowpassGraph.pdf Graphic file (type pdf)
 <./Graphs/beforeLowpassGraph.pdf>
File: ./Graphs/afterLowpassGraph.pdf Graphic file (type pdf)
 <./Graphs/afterLowpassGraph.pdf>
Overfull \hbox (2.54399pt too wide) in paragraph at lines 428--442
[]$[]$ $[]$ 
 []

[21]
File: ./Graphs/beforeDeviationGraph.pdf Graphic file (type pdf)
 <./Graphs/beforeDeviationGraph.pdf>
File: ./Graphs/afterDeviationGraph.pdf Graphic file (type pdf)
 <./Graphs/afterDeviationGraph.pdf>
Overfull \hbox (2.54399pt too wide) in paragraph at lines 460--474
[]$[]$ $[]$ 
 []

[22] [23]
第 4 章
LaTeX Font Info:    Font shape `OMS/pnc/m/n' in size <12> not available
(Font)              Font shape `OMS/cmsy/m/n' tried instead on input line 498.
[24

] [25] [26]
第 5 章
[27

] [28

]
Underfull \hbox (badness 10000) in paragraph at lines 622--623
[]\OT1/pnc/m/n/12 Parallel Colt\JY1/hmc/m/n/12 ， \OT1/pnc/m/n/12 https://sites
.google.com/site/piotrwendykier/software/parallelcolt\JY1/hmc/m/n/12 ，
 []


Underfull \hbox (badness 10000) in paragraph at lines 623--624
[]\OT1/pnc/m/n/12 JTransforms\JY1/hmc/m/n/12 ， \OT1/pnc/m/n/12 https://sites.g
oogle.com/site/piotrwendykier/software/jtransforms\JY1/hmc/m/n/12 ，
 []

[29

]
付 録 A  
[30

] [31] [32]
Overfull \hbox (205.56898pt too wide) in paragraph at lines 644--644
[][][][] 
 []

[33] [34] [35]
付 録 B  
[36

] [37] [38] [39]
付 録 C  
LaTeX Font Info:    Font shape `OMS/pnc/m/it' in size <10.95> not available
(Font)              Font shape `OMS/cmsy/m/n' tried instead on input line 753.
[40

] [41] [42] [43] [44] [45] [46] [47] [48] [49] [50] [51] [52] [53] [54]
[55] [56] [57] [58] [59] [60] [61] [62] [63] [64] [65] [66] [67] [68] [69]
[70] [71] [72] [73] [74] [75] [76] [77] [78] [79] [80] [81] [82] [83] [84]
[85] [86] [87] [88] [89] [90] [91] [92] [93] [94]
Overfull \hbox (8.46739pt too wide) in paragraph at lines 780--780
[][][][] 
 []

[95] [96] [97] [98] [99] [100] [101] [102] [103] [104] [105] [106] [107]
[108] [109] [110] [111] [112] [113] [114] [115] [116] [117] [118] [119]
[120] [121] [122] [123] [124] [125] [126] [127] [128] [129] [130] [131]
[132] [133] [134] [135] [136] [137] [138] [139] [140] [141] [142] [143]
LaTeX Font Info:    Font shape `OML/pnc/m/it' in size <10.95> not available
(Font)              Font shape `OML/cmm/m/it' tried instead on input line 813.

[144] [145] [146] [147] [148] [149] [150] [151] [152] [153] [154] [155]
[156] [157] [158] [159] [160] [161] [162] [163] [164] [165] [166] [167]
[168] [169] [170] [171] [172]
Overfull \hbox (1.89734pt too wide) in paragraph at lines 828--828
[][][][] 
 []

[173] [174] [175] [176] [177] [178] [179] [180] [181] [182] [183] [184]
[185] [186] [187] [188] [189] [190] [191] [192] [193] [194] (./document.aux)

LaTeX Font Warning: Some font shapes were not available, defaults substituted.

 ) 
Here is how much of TeX's memory you used:
 5038 strings out of 493800
 68000 string characters out of 6156126
 312952 words of memory out of 5000000
 8377 multiletter control sequences out of 15000+600000
 19647 words of font info for 83 fonts, out of 8000000 for 9000
 929 hyphenation exceptions out of 8191
 32i,8n,59p,370b,1692s stack positions out of 5000i,500n,10000p,200000b,80000s

Output written on document.dvi (195 pages, 1728276 bytes).
